[06/07/22 02:30 下午 ]Both license storage C:\Users\sprite\AppData\Roaming\Embarcadero\.licenses\.cg_license and backup file are missing. Will create new ones.
[06/07/22 02:30 下午 ]----------------------------------------
[06/07/22 02:30 下午 ]Operating System: Windows
[06/07/22 02:30 下午 ]Current User: sprite
[06/07/22 02:30 下午 ]System Registration Key: 12860415
[06/07/22 02:30 下午 ]User Lock: c:\users\spritesprite
[06/07/22 02:30 下午 ]
[06/07/22 02:30 下午 ]----------------------------------------
[06/07/22 02:31 下午 ]----------------------------------------
[06/07/22 02:31 下午 ]Operating System: Windows
[06/07/22 02:31 下午 ]Current User: sprite
[06/07/22 02:31 下午 ]System Registration Key: 12860415
[06/07/22 02:31 下午 ]User Lock: c:\users\spritesprite
[06/07/22 02:31 下午 ]
[06/07/22 02:31 下午 ]----------------------------------------
[06/07/22 02:33 下午 ]----------------------------------------
[06/07/22 02:33 下午 ]Operating System: Windows
[06/07/22 02:33 下午 ]Current User: sprite
[06/07/22 02:33 下午 ]System Registration Key: 12860415
[06/07/22 02:33 下午 ]User Lock: c:\users\spritesprite
[06/07/22 02:33 下午 ]
[06/07/22 02:33 下午 ]----------------------------------------
[06/07/22 02:43 下午 ]----------------------------------------
[06/07/22 02:43 下午 ]Operating System: Windows
[06/07/22 02:43 下午 ]Current User: sprite
[06/07/22 02:43 下午 ]System Registration Key: 12860415
[06/07/22 02:43 下午 ]User Lock: c:\users\spritesprite
[06/07/22 02:43 下午 ]
[06/07/22 02:43 下午 ]----------------------------------------
[06/07/22 07:52 下午 ]----------------------------------------
[06/07/22 07:52 下午 ]Operating System: Windows
[06/07/22 07:52 下午 ]Current User: sprite
[06/07/22 07:52 下午 ]System Registration Key: 12860415
[06/07/22 07:52 下午 ]User Lock: c:\users\spritesprite
[06/07/22 07:52 下午 ]
[06/07/22 07:52 下午 ]----------------------------------------
[06/08/22 10:20 上午 ]----------------------------------------
[06/08/22 10:20 上午 ]Operating System: Windows
[06/08/22 10:20 上午 ]Current User: sprite
[06/08/22 10:20 上午 ]System Registration Key: 12860415
[06/08/22 10:20 上午 ]User Lock: c:\users\spritesprite
[06/08/22 10:20 上午 ]
[06/08/22 10:20 上午 ]----------------------------------------
[06/09/22 10:46 上午 ]----------------------------------------
[06/09/22 10:46 上午 ]Operating System: Windows
[06/09/22 10:46 上午 ]Current User: sprite
[06/09/22 10:46 上午 ]System Registration Key: 12860415
[06/09/22 10:46 上午 ]User Lock: c:\users\spritesprite
[06/09/22 10:46 上午 ]
[06/09/22 10:46 上午 ]----------------------------------------
[06/09/22 11:24 上午 ]----------------------------------------
[06/09/22 11:24 上午 ]Operating System: Windows
[06/09/22 11:24 上午 ]Current User: sprite
[06/09/22 11:24 上午 ]System Registration Key: 12860415
[06/09/22 11:24 上午 ]User Lock: c:\users\spritesprite
[06/09/22 11:24 上午 ]
[06/09/22 11:24 上午 ]----------------------------------------
[06/10/22 08:54 上午 ]----------------------------------------
[06/10/22 08:54 上午 ]Operating System: Windows
[06/10/22 08:54 上午 ]Current User: sprite
[06/10/22 08:54 上午 ]System Registration Key: 12860415
[06/10/22 08:54 上午 ]User Lock: c:\users\spritesprite
[06/10/22 08:54 上午 ]
[06/10/22 08:54 上午 ]----------------------------------------
[06/13/22 10:49 上午 ]----------------------------------------
[06/13/22 10:49 上午 ]Operating System: Windows
[06/13/22 10:49 上午 ]Current User: sprite
[06/13/22 10:49 上午 ]System Registration Key: 12860415
[06/13/22 10:49 上午 ]User Lock: c:\users\spritesprite
[06/13/22 10:49 上午 ]
[06/13/22 10:49 上午 ]----------------------------------------
[06/13/22 11:07 上午 ]----------------------------------------
[06/13/22 11:07 上午 ]Operating System: Windows
[06/13/22 11:07 上午 ]Current User: sprite
[06/13/22 11:07 上午 ]System Registration Key: 12860415
[06/13/22 11:07 上午 ]User Lock: c:\users\spritesprite
[06/13/22 11:07 上午 ]
[06/13/22 11:07 上午 ]----------------------------------------
[06/13/22 01:50 下午 ]----------------------------------------
[06/13/22 01:50 下午 ]Operating System: Windows
[06/13/22 01:50 下午 ]Current User: sprite
[06/13/22 01:50 下午 ]System Registration Key: 12860415
[06/13/22 01:50 下午 ]User Lock: c:\users\spritesprite
[06/13/22 01:50 下午 ]
[06/13/22 01:50 下午 ]----------------------------------------
[06/13/22 02:39 下午 ]----------------------------------------
[06/13/22 02:39 下午 ]Operating System: Windows
[06/13/22 02:39 下午 ]Current User: sprite
[06/13/22 02:39 下午 ]System Registration Key: 12860415
[06/13/22 02:39 下午 ]User Lock: c:\users\spritesprite
[06/13/22 02:39 下午 ]
[06/13/22 02:39 下午 ]----------------------------------------
[06/13/22 02:40 下午 ]----------------------------------------
[06/13/22 02:40 下午 ]Operating System: Windows
[06/13/22 02:40 下午 ]Current User: sprite
[06/13/22 02:40 下午 ]System Registration Key: 12860415
[06/13/22 02:40 下午 ]User Lock: c:\users\spritesprite
[06/13/22 02:40 下午 ]
[06/13/22 02:40 下午 ]----------------------------------------
[06/13/22 03:02 下午 ]----------------------------------------
[06/13/22 03:02 下午 ]Operating System: Windows
[06/13/22 03:02 下午 ]Current User: sprite
[06/13/22 03:02 下午 ]System Registration Key: 12860415
[06/13/22 03:02 下午 ]User Lock: c:\users\spritesprite
[06/13/22 03:02 下午 ]
[06/13/22 03:02 下午 ]----------------------------------------
[06/13/22 03:13 下午 ]----------------------------------------
[06/13/22 03:13 下午 ]Operating System: Windows
[06/13/22 03:13 下午 ]Current User: sprite
[06/13/22 03:13 下午 ]System Registration Key: 12860415
[06/13/22 03:13 下午 ]User Lock: c:\users\spritesprite
[06/13/22 03:13 下午 ]
[06/13/22 03:13 下午 ]----------------------------------------
[06/13/22 03:16 下午 ]----------------------------------------
[06/13/22 03:16 下午 ]Operating System: Windows
[06/13/22 03:16 下午 ]Current User: sprite
[06/13/22 03:16 下午 ]System Registration Key: 12860415
[06/13/22 03:16 下午 ]User Lock: c:\users\spritesprite
[06/13/22 03:16 下午 ]
[06/13/22 03:16 下午 ]----------------------------------------
[06/13/22 04:16 下午 ]----------------------------------------
[06/13/22 04:16 下午 ]Operating System: Windows
[06/13/22 04:16 下午 ]Current User: sprite
[06/13/22 04:16 下午 ]System Registration Key: 12860415
[06/13/22 04:16 下午 ]User Lock: c:\users\spritesprite
[06/13/22 04:16 下午 ]
[06/13/22 04:16 下午 ]----------------------------------------
[06/13/22 04:17 下午 ]----------------------------------------
[06/13/22 04:17 下午 ]Operating System: Windows
[06/13/22 04:17 下午 ]Current User: sprite
[06/13/22 04:17 下午 ]System Registration Key: 12860415
[06/13/22 04:17 下午 ]User Lock: c:\users\spritesprite
[06/13/22 04:17 下午 ]
[06/13/22 04:17 下午 ]----------------------------------------
[06/13/22 04:18 下午 ]----------------------------------------
[06/13/22 04:18 下午 ]Operating System: Windows
[06/13/22 04:18 下午 ]Current User: sprite
[06/13/22 04:18 下午 ]System Registration Key: 12860415
[06/13/22 04:18 下午 ]User Lock: c:\users\spritesprite
[06/13/22 04:18 下午 ]
[06/13/22 04:18 下午 ]----------------------------------------
[06/14/22 08:00 下午 ]----------------------------------------
[06/14/22 08:00 下午 ]Operating System: Windows
[06/14/22 08:00 下午 ]Current User: sprite
[06/14/22 08:00 下午 ]System Registration Key: 12860415
[06/14/22 08:00 下午 ]User Lock: c:\users\spritesprite
[06/14/22 08:00 下午 ]
[06/14/22 08:00 下午 ]----------------------------------------
[06/14/22 08:10 下午 ]----------------------------------------
[06/14/22 08:10 下午 ]Operating System: Windows
[06/14/22 08:10 下午 ]Current User: sprite
[06/14/22 08:10 下午 ]System Registration Key: 12860415
[06/14/22 08:10 下午 ]User Lock: c:\users\spritesprite
[06/14/22 08:10 下午 ]
[06/14/22 08:10 下午 ]----------------------------------------
[06/15/22 06:20 下午 ]----------------------------------------
[06/15/22 06:20 下午 ]Operating System: Windows
[06/15/22 06:20 下午 ]Current User: sprite
[06/15/22 06:20 下午 ]System Registration Key: 12860415
[06/15/22 06:20 下午 ]User Lock: c:\users\spritesprite
[06/15/22 06:20 下午 ]
[06/15/22 06:20 下午 ]----------------------------------------
[06/15/22 10:49 下午 ]----------------------------------------
[06/15/22 10:49 下午 ]Operating System: Windows
[06/15/22 10:49 下午 ]Current User: sprite
[06/15/22 10:49 下午 ]System Registration Key: 12860415
[06/15/22 10:49 下午 ]User Lock: c:\users\spritesprite
[06/15/22 10:49 下午 ]
[06/15/22 10:49 下午 ]----------------------------------------
[06/16/22 03:34 下午 ]----------------------------------------
[06/16/22 03:34 下午 ]Operating System: Windows
[06/16/22 03:34 下午 ]Current User: sprite
[06/16/22 03:34 下午 ]System Registration Key: 12860415
[06/16/22 03:34 下午 ]User Lock: c:\users\spritesprite
[06/16/22 03:34 下午 ]
[06/16/22 03:34 下午 ]----------------------------------------
[06/19/22 09:26 上午 ]----------------------------------------
[06/19/22 09:26 上午 ]Operating System: Windows
[06/19/22 09:26 上午 ]Current User: sprite
[06/19/22 09:26 上午 ]System Registration Key: 12860415
[06/19/22 09:26 上午 ]User Lock: c:\users\spritesprite
[06/19/22 09:26 上午 ]
[06/19/22 09:26 上午 ]----------------------------------------
[06/19/22 10:07 上午 ]----------------------------------------
[06/19/22 10:07 上午 ]Operating System: Windows
[06/19/22 10:07 上午 ]Current User: sprite
[06/19/22 10:07 上午 ]System Registration Key: 12860415
[06/19/22 10:07 上午 ]User Lock: c:\users\spritesprite
[06/19/22 10:07 上午 ]
[06/19/22 10:07 上午 ]----------------------------------------
[06/19/22 07:59 下午 ]----------------------------------------
[06/19/22 07:59 下午 ]Operating System: Windows
[06/19/22 07:59 下午 ]Current User: sprite
[06/19/22 07:59 下午 ]System Registration Key: 12860415
[06/19/22 07:59 下午 ]User Lock: c:\users\spritesprite
[06/19/22 07:59 下午 ]
[06/19/22 07:59 下午 ]----------------------------------------
[06/19/22 08:13 下午 ]----------------------------------------
[06/19/22 08:13 下午 ]Operating System: Windows
[06/19/22 08:13 下午 ]Current User: sprite
[06/19/22 08:13 下午 ]System Registration Key: 12860415
[06/19/22 08:13 下午 ]User Lock: c:\users\spritesprite
[06/19/22 08:13 下午 ]
[06/19/22 08:13 下午 ]----------------------------------------
[06/20/22 07:10 下午 ]----------------------------------------
[06/20/22 07:10 下午 ]Operating System: Windows
[06/20/22 07:10 下午 ]Current User: sprite
[06/20/22 07:10 下午 ]System Registration Key: 12860415
[06/20/22 07:10 下午 ]User Lock: c:\users\spritesprite
[06/20/22 07:10 下午 ]
[06/20/22 07:10 下午 ]----------------------------------------
[06/20/22 07:11 下午 ]----------------------------------------
[06/20/22 07:11 下午 ]Operating System: Windows
[06/20/22 07:11 下午 ]Current User: sprite
[06/20/22 07:11 下午 ]System Registration Key: 12860415
[06/20/22 07:11 下午 ]User Lock: c:\users\spritesprite
[06/20/22 07:11 下午 ]
[06/20/22 07:11 下午 ]----------------------------------------
[06/22/22 03:40 下午 ]----------------------------------------
[06/22/22 03:40 下午 ]Operating System: Windows
[06/22/22 03:40 下午 ]Current User: sprite
[06/22/22 03:40 下午 ]System Registration Key: 12860415
[06/22/22 03:40 下午 ]User Lock: c:\users\spritesprite
[06/22/22 03:40 下午 ]
[06/22/22 03:40 下午 ]----------------------------------------
[06/23/22 06:02 下午 ]----------------------------------------
[06/23/22 06:02 下午 ]Operating System: Windows
[06/23/22 06:02 下午 ]Current User: sprite
[06/23/22 06:02 下午 ]System Registration Key: 12860415
[06/23/22 06:02 下午 ]User Lock: c:\users\spritesprite
[06/23/22 06:02 下午 ]
[06/23/22 06:02 下午 ]----------------------------------------
[06/25/22 09:03 下午 ]----------------------------------------
[06/25/22 09:03 下午 ]Operating System: Windows
[06/25/22 09:03 下午 ]Current User: sprite
[06/25/22 09:03 下午 ]System Registration Key: 12860415
[06/25/22 09:03 下午 ]User Lock: c:\users\spritesprite
[06/25/22 09:03 下午 ]
[06/25/22 09:03 下午 ]----------------------------------------
[06/27/22 10:22 上午 ]----------------------------------------
[06/27/22 10:22 上午 ]Operating System: Windows
[06/27/22 10:22 上午 ]Current User: sprite
[06/27/22 10:22 上午 ]System Registration Key: 12860415
[06/27/22 10:22 上午 ]User Lock: c:\users\spritesprite
[06/27/22 10:22 上午 ]
[06/27/22 10:22 上午 ]----------------------------------------
[06/28/22 08:08 上午 ]----------------------------------------
[06/28/22 08:08 上午 ]Operating System: Windows
[06/28/22 08:08 上午 ]Current User: sprite
[06/28/22 08:08 上午 ]System Registration Key: 12860415
[06/28/22 08:08 上午 ]User Lock: c:\users\spritesprite
[06/28/22 08:08 上午 ]
[06/28/22 08:08 上午 ]----------------------------------------
[06/28/22 08:08 上午 ]----------------------------------------
[06/28/22 08:08 上午 ]Operating System: Windows
[06/28/22 08:08 上午 ]Current User: sprite
[06/28/22 08:08 上午 ]System Registration Key: 12860415
[06/28/22 08:08 上午 ]User Lock: c:\users\spritesprite
[06/28/22 08:08 上午 ]
[06/28/22 08:08 上午 ]----------------------------------------
[06/28/22 09:41 上午 ]----------------------------------------
[06/28/22 09:41 上午 ]Operating System: Windows
[06/28/22 09:41 上午 ]Current User: sprite
[06/28/22 09:41 上午 ]System Registration Key: 12860415
[06/28/22 09:41 上午 ]User Lock: c:\users\spritesprite
[06/28/22 09:41 上午 ]
[06/28/22 09:41 上午 ]----------------------------------------
[06/28/22 11:29 上午 ]----------------------------------------
[06/28/22 11:29 上午 ]Operating System: Windows
[06/28/22 11:29 上午 ]Current User: sprite
[06/28/22 11:29 上午 ]System Registration Key: 12860415
[06/28/22 11:29 上午 ]User Lock: c:\users\spritesprite
[06/28/22 11:29 上午 ]
[06/28/22 11:29 上午 ]----------------------------------------
[06/29/22 09:21 上午 ]----------------------------------------
[06/29/22 09:21 上午 ]Operating System: Windows
[06/29/22 09:21 上午 ]Current User: sprite
[06/29/22 09:21 上午 ]System Registration Key: 12860415
[06/29/22 09:21 上午 ]User Lock: c:\users\spritesprite
[06/29/22 09:21 上午 ]
[06/29/22 09:21 上午 ]----------------------------------------
[06/29/22 09:24 上午 ]----------------------------------------
[06/29/22 09:24 上午 ]Operating System: Windows
[06/29/22 09:24 上午 ]Current User: sprite
[06/29/22 09:24 上午 ]System Registration Key: 12860415
[06/29/22 09:24 上午 ]User Lock: c:\users\spritesprite
[06/29/22 09:24 上午 ]
[06/29/22 09:24 上午 ]----------------------------------------
[06/29/22 04:22 下午 ]----------------------------------------
[06/29/22 04:22 下午 ]Operating System: Windows
[06/29/22 04:22 下午 ]Current User: sprite
[06/29/22 04:22 下午 ]System Registration Key: 12860415
[06/29/22 04:22 下午 ]User Lock: c:\users\spritesprite
[06/29/22 04:22 下午 ]
[06/29/22 04:22 下午 ]----------------------------------------
[06/30/22 11:28 上午 ]----------------------------------------
[06/30/22 11:28 上午 ]Operating System: Windows
[06/30/22 11:28 上午 ]Current User: sprite
[06/30/22 11:28 上午 ]System Registration Key: 12860415
[06/30/22 11:28 上午 ]User Lock: c:\users\spritesprite
[06/30/22 11:28 上午 ]
[06/30/22 11:28 上午 ]----------------------------------------
[06/30/22 05:49 下午 ]----------------------------------------
[06/30/22 05:49 下午 ]Operating System: Windows
[06/30/22 05:49 下午 ]Current User: sprite
[06/30/22 05:49 下午 ]System Registration Key: 12860415
[06/30/22 05:49 下午 ]User Lock: c:\users\spritesprite
[06/30/22 05:49 下午 ]
[06/30/22 05:49 下午 ]----------------------------------------
[07/01/22 05:18 下午 ]----------------------------------------
[07/01/22 05:18 下午 ]Operating System: Windows
[07/01/22 05:18 下午 ]Current User: sprite
[07/01/22 05:18 下午 ]System Registration Key: 12860415
[07/01/22 05:18 下午 ]User Lock: c:\users\spritesprite
[07/01/22 05:18 下午 ]
[07/01/22 05:18 下午 ]----------------------------------------
[07/01/22 05:21 下午 ]----------------------------------------
[07/01/22 05:21 下午 ]Operating System: Windows
[07/01/22 05:21 下午 ]Current User: sprite
[07/01/22 05:21 下午 ]System Registration Key: 12860415
[07/01/22 05:21 下午 ]User Lock: c:\users\spritesprite
[07/01/22 05:21 下午 ]
[07/01/22 05:21 下午 ]----------------------------------------
[07/02/22 07:28 下午 ]----------------------------------------
[07/02/22 07:28 下午 ]Operating System: Windows
[07/02/22 07:28 下午 ]Current User: sprite
[07/02/22 07:28 下午 ]System Registration Key: 12860415
[07/02/22 07:28 下午 ]User Lock: c:\users\spritesprite
[07/02/22 07:28 下午 ]
[07/02/22 07:28 下午 ]----------------------------------------
[07/04/22 04:04 下午 ]----------------------------------------
[07/04/22 04:04 下午 ]Operating System: Windows
[07/04/22 04:04 下午 ]Current User: sprite
[07/04/22 04:04 下午 ]System Registration Key: 12860415
[07/04/22 04:04 下午 ]User Lock: c:\users\spritesprite
[07/04/22 04:04 下午 ]
[07/04/22 04:04 下午 ]----------------------------------------
[07/04/22 04:40 下午 ]----------------------------------------
[07/04/22 04:40 下午 ]Operating System: Windows
[07/04/22 04:40 下午 ]Current User: sprite
[07/04/22 04:40 下午 ]System Registration Key: 12860415
[07/04/22 04:40 下午 ]User Lock: c:\users\spritesprite
[07/04/22 04:40 下午 ]
[07/04/22 04:40 下午 ]----------------------------------------
[07/04/22 04:41 下午 ]----------------------------------------
[07/04/22 04:41 下午 ]Operating System: Windows
[07/04/22 04:41 下午 ]Current User: sprite
[07/04/22 04:41 下午 ]System Registration Key: 12860415
[07/04/22 04:41 下午 ]User Lock: c:\users\spritesprite
[07/04/22 04:41 下午 ]
[07/04/22 04:41 下午 ]----------------------------------------
[07/04/22 04:42 下午 ]----------------------------------------
[07/04/22 04:42 下午 ]Operating System: Windows
[07/04/22 04:42 下午 ]Current User: sprite
[07/04/22 04:42 下午 ]System Registration Key: 12860415
[07/04/22 04:42 下午 ]User Lock: c:\users\spritesprite
[07/04/22 04:42 下午 ]
[07/04/22 04:42 下午 ]----------------------------------------
[07/04/22 04:42 下午 ]----------------------------------------
[07/04/22 04:42 下午 ]Operating System: Windows
[07/04/22 04:42 下午 ]Current User: sprite
[07/04/22 04:42 下午 ]System Registration Key: 12860415
[07/04/22 04:42 下午 ]User Lock: c:\users\spritesprite
[07/04/22 04:42 下午 ]
[07/04/22 04:42 下午 ]----------------------------------------
[07/04/22 04:43 下午 ]----------------------------------------
[07/04/22 04:43 下午 ]Operating System: Windows
[07/04/22 04:43 下午 ]Current User: sprite
[07/04/22 04:43 下午 ]System Registration Key: 12860415
[07/04/22 04:43 下午 ]User Lock: c:\users\spritesprite
[07/04/22 04:43 下午 ]
[07/04/22 04:43 下午 ]----------------------------------------
[07/04/22 04:43 下午 ]----------------------------------------
[07/04/22 04:43 下午 ]Operating System: Windows
[07/04/22 04:43 下午 ]Current User: sprite
[07/04/22 04:43 下午 ]System Registration Key: 12860415
[07/04/22 04:43 下午 ]User Lock: c:\users\spritesprite
[07/04/22 04:43 下午 ]
[07/04/22 04:43 下午 ]----------------------------------------
[07/04/22 04:45 下午 ]----------------------------------------
[07/04/22 04:45 下午 ]Operating System: Windows
[07/04/22 04:45 下午 ]Current User: sprite
[07/04/22 04:45 下午 ]System Registration Key: 12860415
[07/04/22 04:45 下午 ]User Lock: c:\users\spritesprite
[07/04/22 04:45 下午 ]
[07/04/22 04:45 下午 ]----------------------------------------
[07/04/22 04:48 下午 ]----------------------------------------
[07/04/22 04:48 下午 ]Operating System: Windows
[07/04/22 04:48 下午 ]Current User: sprite
[07/04/22 04:48 下午 ]System Registration Key: 12860415
[07/04/22 04:48 下午 ]User Lock: c:\users\spritesprite
[07/04/22 04:48 下午 ]
[07/04/22 04:48 下午 ]----------------------------------------
[07/04/22 04:49 下午 ]----------------------------------------
[07/04/22 04:49 下午 ]Operating System: Windows
[07/04/22 04:49 下午 ]Current User: sprite
[07/04/22 04:49 下午 ]System Registration Key: 12860415
[07/04/22 04:49 下午 ]User Lock: c:\users\spritesprite
[07/04/22 04:49 下午 ]
[07/04/22 04:49 下午 ]----------------------------------------
[07/04/22 04:51 下午 ]----------------------------------------
[07/04/22 04:51 下午 ]Operating System: Windows
[07/04/22 04:51 下午 ]Current User: sprite
[07/04/22 04:51 下午 ]System Registration Key: 12860415
[07/04/22 04:51 下午 ]User Lock: c:\users\spritesprite
[07/04/22 04:51 下午 ]
[07/04/22 04:51 下午 ]----------------------------------------
[07/04/22 04:53 下午 ]----------------------------------------
[07/04/22 04:53 下午 ]Operating System: Windows
[07/04/22 04:53 下午 ]Current User: sprite
[07/04/22 04:53 下午 ]System Registration Key: 12860415
[07/04/22 04:53 下午 ]User Lock: c:\users\spritesprite
[07/04/22 04:53 下午 ]
[07/04/22 04:53 下午 ]----------------------------------------
[07/04/22 04:59 下午 ]----------------------------------------
[07/04/22 04:59 下午 ]Operating System: Windows
[07/04/22 04:59 下午 ]Current User: sprite
[07/04/22 04:59 下午 ]System Registration Key: 12860415
[07/04/22 04:59 下午 ]User Lock: c:\users\spritesprite
[07/04/22 04:59 下午 ]
[07/04/22 04:59 下午 ]----------------------------------------
[07/04/22 05:01 下午 ]----------------------------------------
[07/04/22 05:01 下午 ]Operating System: Windows
[07/04/22 05:01 下午 ]Current User: sprite
[07/04/22 05:01 下午 ]System Registration Key: 12860415
[07/04/22 05:01 下午 ]User Lock: c:\users\spritesprite
[07/04/22 05:01 下午 ]
[07/04/22 05:01 下午 ]----------------------------------------
[07/04/22 05:09 下午 ]----------------------------------------
[07/04/22 05:09 下午 ]Operating System: Windows
[07/04/22 05:09 下午 ]Current User: sprite
[07/04/22 05:09 下午 ]System Registration Key: 12860415
[07/04/22 05:09 下午 ]User Lock: c:\users\spritesprite
[07/04/22 05:09 下午 ]
[07/04/22 05:09 下午 ]----------------------------------------
[07/04/22 05:14 下午 ]----------------------------------------
[07/04/22 05:14 下午 ]Operating System: Windows
[07/04/22 05:14 下午 ]Current User: sprite
[07/04/22 05:14 下午 ]System Registration Key: 12860415
[07/04/22 05:14 下午 ]User Lock: c:\users\spritesprite
[07/04/22 05:14 下午 ]
[07/04/22 05:14 下午 ]----------------------------------------
[07/04/22 05:21 下午 ]----------------------------------------
[07/04/22 05:21 下午 ]Operating System: Windows
[07/04/22 05:21 下午 ]Current User: sprite
[07/04/22 05:21 下午 ]System Registration Key: 12860415
[07/04/22 05:21 下午 ]User Lock: c:\users\spritesprite
[07/04/22 05:21 下午 ]
[07/04/22 05:21 下午 ]----------------------------------------
[07/04/22 05:31 下午 ]----------------------------------------
[07/04/22 05:31 下午 ]Operating System: Windows
[07/04/22 05:31 下午 ]Current User: sprite
[07/04/22 05:31 下午 ]System Registration Key: 12860415
[07/04/22 05:31 下午 ]User Lock: c:\users\spritesprite
[07/04/22 05:31 下午 ]
[07/04/22 05:31 下午 ]----------------------------------------
[07/04/22 05:34 下午 ]----------------------------------------
[07/04/22 05:34 下午 ]Operating System: Windows
[07/04/22 05:34 下午 ]Current User: sprite
[07/04/22 05:34 下午 ]System Registration Key: 12860415
[07/04/22 05:34 下午 ]User Lock: c:\users\spritesprite
[07/04/22 05:34 下午 ]
[07/04/22 05:34 下午 ]----------------------------------------
[07/04/22 05:35 下午 ]----------------------------------------
[07/04/22 05:35 下午 ]Operating System: Windows
[07/04/22 05:35 下午 ]Current User: sprite
[07/04/22 05:35 下午 ]System Registration Key: 12860415
[07/04/22 05:35 下午 ]User Lock: c:\users\spritesprite
[07/04/22 05:35 下午 ]
[07/04/22 05:35 下午 ]----------------------------------------
[07/04/22 07:42 下午 ]----------------------------------------
[07/04/22 07:42 下午 ]Operating System: Windows
[07/04/22 07:42 下午 ]Current User: sprite
[07/04/22 07:42 下午 ]System Registration Key: 12860415
[07/04/22 07:42 下午 ]User Lock: c:\users\spritesprite
[07/04/22 07:42 下午 ]
[07/04/22 07:42 下午 ]----------------------------------------
[07/04/22 07:46 下午 ]----------------------------------------
[07/04/22 07:46 下午 ]Operating System: Windows
[07/04/22 07:46 下午 ]Current User: sprite
[07/04/22 07:46 下午 ]System Registration Key: 12860415
[07/04/22 07:46 下午 ]User Lock: c:\users\spritesprite
[07/04/22 07:46 下午 ]
[07/04/22 07:46 下午 ]----------------------------------------
[07/04/22 07:47 下午 ]----------------------------------------
[07/04/22 07:47 下午 ]Operating System: Windows
[07/04/22 07:47 下午 ]Current User: sprite
[07/04/22 07:47 下午 ]System Registration Key: 12860415
[07/04/22 07:47 下午 ]User Lock: c:\users\spritesprite
[07/04/22 07:47 下午 ]
[07/04/22 07:47 下午 ]----------------------------------------
[07/04/22 07:59 下午 ]----------------------------------------
[07/04/22 07:59 下午 ]Operating System: Windows
[07/04/22 07:59 下午 ]Current User: sprite
[07/04/22 07:59 下午 ]System Registration Key: 12860415
[07/04/22 07:59 下午 ]User Lock: c:\users\spritesprite
[07/04/22 07:59 下午 ]
[07/04/22 07:59 下午 ]----------------------------------------
[07/04/22 08:09 下午 ]----------------------------------------
[07/04/22 08:09 下午 ]Operating System: Windows
[07/04/22 08:09 下午 ]Current User: sprite
[07/04/22 08:09 下午 ]System Registration Key: 12860415
[07/04/22 08:09 下午 ]User Lock: c:\users\spritesprite
[07/04/22 08:09 下午 ]
[07/04/22 08:09 下午 ]----------------------------------------
[07/04/22 09:22 下午 ]----------------------------------------
[07/04/22 09:22 下午 ]Operating System: Windows
[07/04/22 09:22 下午 ]Current User: sprite
[07/04/22 09:22 下午 ]System Registration Key: 12860415
[07/04/22 09:22 下午 ]User Lock: c:\users\spritesprite
[07/04/22 09:22 下午 ]
[07/04/22 09:22 下午 ]----------------------------------------
[07/04/22 09:25 下午 ]----------------------------------------
[07/04/22 09:25 下午 ]Operating System: Windows
[07/04/22 09:25 下午 ]Current User: sprite
[07/04/22 09:25 下午 ]System Registration Key: 12860415
[07/04/22 09:25 下午 ]User Lock: c:\users\spritesprite
[07/04/22 09:25 下午 ]
[07/04/22 09:25 下午 ]----------------------------------------
[07/04/22 09:25 下午 ]----------------------------------------
[07/04/22 09:25 下午 ]Operating System: Windows
[07/04/22 09:25 下午 ]Current User: sprite
[07/04/22 09:25 下午 ]System Registration Key: 12860415
[07/04/22 09:25 下午 ]User Lock: c:\users\spritesprite
[07/04/22 09:25 下午 ]
[07/04/22 09:25 下午 ]----------------------------------------
[07/04/22 09:32 下午 ]----------------------------------------
[07/04/22 09:32 下午 ]Operating System: Windows
[07/04/22 09:32 下午 ]Current User: sprite
[07/04/22 09:32 下午 ]System Registration Key: 12860415
[07/04/22 09:32 下午 ]User Lock: c:\users\spritesprite
[07/04/22 09:32 下午 ]
[07/04/22 09:32 下午 ]----------------------------------------
[07/05/22 11:12 上午 ]----------------------------------------
[07/05/22 11:12 上午 ]Operating System: Windows
[07/05/22 11:12 上午 ]Current User: sprite
[07/05/22 11:12 上午 ]System Registration Key: 12860415
[07/05/22 11:12 上午 ]User Lock: c:\users\spritesprite
[07/05/22 11:12 上午 ]
[07/05/22 11:12 上午 ]----------------------------------------
[07/08/22 07:34 下午 ]----------------------------------------
[07/08/22 07:34 下午 ]Operating System: Windows
[07/08/22 07:34 下午 ]Current User: sprite
[07/08/22 07:34 下午 ]System Registration Key: 12860415
[07/08/22 07:34 下午 ]User Lock: c:\users\spritesprite
[07/08/22 07:34 下午 ]
[07/08/22 07:34 下午 ]----------------------------------------
[07/08/22 07:41 下午 ]----------------------------------------
[07/08/22 07:41 下午 ]Operating System: Windows
[07/08/22 07:41 下午 ]Current User: sprite
[07/08/22 07:41 下午 ]System Registration Key: 12860415
[07/08/22 07:41 下午 ]User Lock: c:\users\spritesprite
[07/08/22 07:41 下午 ]
[07/08/22 07:41 下午 ]----------------------------------------
[07/09/22 08:39 下午 ]----------------------------------------
[07/09/22 08:39 下午 ]Operating System: Windows
[07/09/22 08:39 下午 ]Current User: sprite
[07/09/22 08:39 下午 ]System Registration Key: 12860415
[07/09/22 08:39 下午 ]User Lock: c:\users\spritesprite
[07/09/22 08:39 下午 ]
[07/09/22 08:39 下午 ]----------------------------------------
[07/13/22 06:55 下午 ]----------------------------------------
[07/13/22 06:55 下午 ]Operating System: Windows
[07/13/22 06:55 下午 ]Current User: sprite
[07/13/22 06:55 下午 ]System Registration Key: 12860415
[07/13/22 06:55 下午 ]User Lock: c:\users\spritesprite
[07/13/22 06:55 下午 ]
[07/13/22 06:55 下午 ]----------------------------------------
[07/14/22 07:44 下午 ]----------------------------------------
[07/14/22 07:44 下午 ]Operating System: Windows
[07/14/22 07:44 下午 ]Current User: sprite
[07/14/22 07:44 下午 ]System Registration Key: 12860415
[07/14/22 07:44 下午 ]User Lock: c:\users\spritesprite
[07/14/22 07:44 下午 ]
[07/14/22 07:44 下午 ]----------------------------------------
[07/15/22 07:54 上午 ]----------------------------------------
[07/15/22 07:54 上午 ]Operating System: Windows
[07/15/22 07:54 上午 ]Current User: sprite
[07/15/22 07:54 上午 ]System Registration Key: 12860415
[07/15/22 07:54 上午 ]User Lock: c:\users\spritesprite
[07/15/22 07:54 上午 ]
[07/15/22 07:54 上午 ]----------------------------------------
[07/19/22 09:16 上午 ]----------------------------------------
[07/19/22 09:16 上午 ]Operating System: Windows
[07/19/22 09:16 上午 ]Current User: sprite
[07/19/22 09:16 上午 ]System Registration Key: 12860415
[07/19/22 09:16 上午 ]User Lock: c:\users\spritesprite
[07/19/22 09:16 上午 ]
[07/19/22 09:16 上午 ]----------------------------------------
[07/19/22 10:17 上午 ]----------------------------------------
[07/19/22 10:17 上午 ]Operating System: Windows
[07/19/22 10:17 上午 ]Current User: sprite
[07/19/22 10:17 上午 ]System Registration Key: 12860415
[07/19/22 10:17 上午 ]User Lock: c:\users\spritesprite
[07/19/22 10:17 上午 ]
[07/19/22 10:17 上午 ]----------------------------------------
[07/20/22 09:12 上午 ]----------------------------------------
[07/20/22 09:12 上午 ]Operating System: Windows
[07/20/22 09:12 上午 ]Current User: sprite
[07/20/22 09:12 上午 ]System Registration Key: 12860415
[07/20/22 09:12 上午 ]User Lock: c:\users\spritesprite
[07/20/22 09:12 上午 ]
[07/20/22 09:12 上午 ]----------------------------------------
