d:\qt_projects\wechatwin2.0\wechatwin2.0\x64\release\loginwidget.obj
d:\qt_projects\wechatwin2.0\wechatwin2.0\x64\release\client.obj
d:\qt_projects\wechatwin2.0\wechatwin2.0\x64\release\chatfrom.obj
d:\qt_projects\wechatwin2.0\wechatwin2.0\x64\release\main.obj
d:\qt_projects\wechatwin2.0\wechatwin2.0\x64\release\msgfrom.obj
d:\qt_projects\wechatwin2.0\wechatwin2.0\x64\release\mainwidget.obj
d:\qt_projects\wechatwin2.0\wechatwin2.0\x64\release\qrc_mainwidget.obj
d:\qt_projects\wechatwin2.0\wechatwin2.0\x64\release\moc_chatfrom.obj
d:\qt_projects\wechatwin2.0\wechatwin2.0\x64\release\moc_msgfrom.obj
d:\qt_projects\wechatwin2.0\wechatwin2.0\x64\release\moc_mainwidget.obj
d:\qt_projects\wechatwin2.0\wechatwin2.0\x64\release\qrc_res.obj
d:\qt_projects\wechatwin2.0\wechatwin2.0\x64\release\moc_client.obj
d:\qt_projects\wechatwin2.0\wechatwin2.0\x64\release\moc_loginwidget.obj
d:\qt_projects\wechatwin2.0\x64\release\wechatwin2.0.exe
d:\qt_projects\wechatwin2.0\wechatwin2.0\x64\release\moc\moc_client.cpp
d:\qt_projects\wechatwin2.0\wechatwin2.0\x64\release\rcc\qrc_res.cpp
d:\qt_projects\wechatwin2.0\wechatwin2.0\x64\release\uic\ui_mainwidget.h
d:\qt_projects\wechatwin2.0\wechatwin2.0\x64\release\uic\ui_chatfrom.h
d:\qt_projects\wechatwin2.0\wechatwin2.0\x64\release\uic\ui_client.h
d:\qt_projects\wechatwin2.0\wechatwin2.0\x64\release\rcc\qrc_mainwidget.cpp
d:\qt_projects\wechatwin2.0\wechatwin2.0\x64\release\moc\moc_mainwidget.cpp
d:\qt_projects\wechatwin2.0\wechatwin2.0\x64\release\moc\moc_loginwidget.cpp
d:\qt_projects\wechatwin2.0\wechatwin2.0\x64\release\moc\moc_chatfrom.cpp
d:\qt_projects\wechatwin2.0\wechatwin2.0\x64\release\moc\moc_msgfrom.cpp
d:\qt_projects\wechatwin2.0\wechatwin2.0\x64\release\wechatwin2.0.tlog\cl.command.1.tlog
d:\qt_projects\wechatwin2.0\wechatwin2.0\x64\release\wechatwin2.0.tlog\cl.read.1.tlog
d:\qt_projects\wechatwin2.0\wechatwin2.0\x64\release\wechatwin2.0.tlog\cl.write.1.tlog
d:\qt_projects\wechatwin2.0\wechatwin2.0\x64\release\wechatwin2.0.tlog\link.command.1.tlog
d:\qt_projects\wechatwin2.0\wechatwin2.0\x64\release\wechatwin2.0.tlog\link.read.1.tlog
d:\qt_projects\wechatwin2.0\wechatwin2.0\x64\release\wechatwin2.0.tlog\link.write.1.tlog
d:\qt_projects\wechatwin2.0\wechatwin2.0\x64\release\wechatwin2.0.tlog\moc.read.1u.tlog
d:\qt_projects\wechatwin2.0\wechatwin2.0\x64\release\wechatwin2.0.tlog\moc.write.1u.tlog
d:\qt_projects\wechatwin2.0\wechatwin2.0\x64\release\wechatwin2.0.tlog\rcc.read.1u.tlog
d:\qt_projects\wechatwin2.0\wechatwin2.0\x64\release\wechatwin2.0.tlog\rcc.write.1u.tlog
d:\qt_projects\wechatwin2.0\wechatwin2.0\x64\release\wechatwin2.0.tlog\uic.read.1u.tlog
d:\qt_projects\wechatwin2.0\wechatwin2.0\x64\release\wechatwin2.0.tlog\uic.write.1u.tlog
d:\qt_projects\wechatwin2.0\wechatwin2.0\x64\release\wechatwin2.0.tlog\wechatwin2.0.write.1u.tlog
