d:\c++project\c++study\qt_project\wechatwin\wechatwin\x64\debug\moc_mainwidget.obj
d:\c++project\c++study\qt_project\wechatwin\wechatwin\x64\debug\qrc_mainwidget.obj
d:\c++project\c++study\qt_project\wechatwin\wechatwin\x64\debug\moc_loginwidget.obj
d:\c++project\c++study\qt_project\wechatwin\wechatwin\x64\debug\loginwidget.obj
d:\c++project\c++study\qt_project\wechatwin\wechatwin\x64\debug\main.obj
d:\c++project\c++study\qt_project\wechatwin\wechatwin\x64\debug\mainwidget.obj
d:\c++project\c++study\qt_project\wechatwin\wechatwin\x64\debug\qtoolbuttondemo.obj
d:\c++project\c++study\qt_project\wechatwin\wechatwin\x64\debug\moc_qtoolbuttondemo.obj
d:\c++project\c++study\qt_project\wechatwin\wechatwin\x64\debug\mainwindow.obj
d:\c++project\c++study\qt_project\wechatwin\wechatwin\x64\debug\framelesswidget.obj
d:\c++project\c++study\qt_project\wechatwin\wechatwin\x64\debug\testdemo.obj
d:\c++project\c++study\qt_project\wechatwin\wechatwin\x64\debug\moc_mainwindow.obj
d:\c++project\c++study\qt_project\wechatwin\wechatwin\x64\debug\qrc_res.obj
d:\c++project\c++study\qt_project\wechatwin\wechatwin\x64\debug\chatfrom.obj
d:\c++project\c++study\qt_project\wechatwin\wechatwin\x64\debug\moc_chatfrom.obj
d:\c++project\c++study\qt_project\wechatwin\wechatwin\x64\debug\moc_msgfrom.obj
d:\c++project\c++study\qt_project\wechatwin\wechatwin\x64\debug\msgfrom.obj
d:\c++project\c++study\qt_project\wechatwin\wechatwin\x64\debug\client.obj
d:\c++project\c++study\qt_project\wechatwin\wechatwin\x64\debug\vc143.pdb
d:\c++project\c++study\qt_project\wechatwin\wechatwin\x64\debug\moc_testdemo.obj
d:\c++project\c++study\qt_project\wechatwin\wechatwin\x64\debug\moc_framelesswidget.obj
d:\c++project\c++study\qt_project\wechatwin\wechatwin\x64\debug\moc_client.obj
d:\c++project\c++study\qt_project\wechatwin\x64\debug\wechatwin.exe
d:\c++project\c++study\qt_project\wechatwin\x64\debug\wechatwin.ilk
d:\c++project\c++study\qt_project\wechatwin\x64\debug\wechatwin.pdb
d:\c++project\c++study\qt_project\wechatwin\wechatwin\x64\debug\moc\moc_mainwindow.cpp
d:\c++project\c++study\qt_project\wechatwin\wechatwin\x64\debug\moc\moc_client.cpp
d:\c++project\c++study\qt_project\wechatwin\wechatwin\x64\debug\wechatwin.res
d:\c++project\c++study\qt_project\wechatwin\wechatwin\x64\debug\rcc\qrc_res.cpp
d:\c++project\c++study\qt_project\wechatwin\wechatwin\x64\debug\uic\ui_client.h
d:\c++project\c++study\qt_project\wechatwin\wechatwin\x64\debug\uic\ui_mainwidget.h
d:\c++project\c++study\qt_project\wechatwin\wechatwin\x64\debug\rcc\qrc_mainwidget.cpp
d:\c++project\c++study\qt_project\wechatwin\wechatwin\x64\debug\moc\moc_mainwidget.cpp
d:\c++project\c++study\qt_project\wechatwin\wechatwin\x64\debug\moc\moc_loginwidget.cpp
d:\c++project\c++study\qt_project\wechatwin\wechatwin\x64\debug\moc\moc_qtoolbuttondemo.cpp
d:\c++project\c++study\qt_project\wechatwin\wechatwin\x64\debug\uic\ui_qtwidgetsclass.h
d:\c++project\c++study\qt_project\wechatwin\wechatwin\x64\debug\moc\moc_qtwidgetsclass.cpp
d:\c++project\c++study\qt_project\wechatwin\wechatwin\x64\debug\uic\ui_qtoolbuttondemo.h
d:\c++project\c++study\qt_project\wechatwin\wechatwin\x64\debug\uic\ui_mainwindow.h
d:\c++project\c++study\qt_project\wechatwin\wechatwin\x64\debug\moc\moc_baseview.cpp
d:\c++project\c++study\qt_project\wechatwin\wechatwin\x64\debug\moc\moc_framelesswidget.cpp
d:\c++project\c++study\qt_project\wechatwin\wechatwin\x64\debug\moc\moc_testdemo.cpp
d:\c++project\c++study\qt_project\wechatwin\wechatwin\x64\debug\moc\moc_listviewdelegate.cpp
d:\c++project\c++study\qt_project\wechatwin\wechatwin\x64\debug\uic\ui_chatfrom.h
d:\c++project\c++study\qt_project\wechatwin\wechatwin\x64\debug\moc\moc_chatfrom.cpp
d:\c++project\c++study\qt_project\wechatwin\wechatwin\x64\debug\moc\moc_msgfrom.cpp
d:\c++project\c++study\qt_project\wechatwin\wechatwin\x64\debug\wechatwin.tlog\cl.command.1.tlog
d:\c++project\c++study\qt_project\wechatwin\wechatwin\x64\debug\wechatwin.tlog\cl.read.1.tlog
d:\c++project\c++study\qt_project\wechatwin\wechatwin\x64\debug\wechatwin.tlog\cl.write.1.tlog
d:\c++project\c++study\qt_project\wechatwin\wechatwin\x64\debug\wechatwin.tlog\link.command.1.tlog
d:\c++project\c++study\qt_project\wechatwin\wechatwin\x64\debug\wechatwin.tlog\link.read.1.tlog
d:\c++project\c++study\qt_project\wechatwin\wechatwin\x64\debug\wechatwin.tlog\link.write.1.tlog
d:\c++project\c++study\qt_project\wechatwin\wechatwin\x64\debug\wechatwin.tlog\moc.read.1u.tlog
d:\c++project\c++study\qt_project\wechatwin\wechatwin\x64\debug\wechatwin.tlog\moc.write.1u.tlog
d:\c++project\c++study\qt_project\wechatwin\wechatwin\x64\debug\wechatwin.tlog\rc.command.1.tlog
d:\c++project\c++study\qt_project\wechatwin\wechatwin\x64\debug\wechatwin.tlog\rc.read.1.tlog
d:\c++project\c++study\qt_project\wechatwin\wechatwin\x64\debug\wechatwin.tlog\rc.write.1.tlog
d:\c++project\c++study\qt_project\wechatwin\wechatwin\x64\debug\wechatwin.tlog\rcc.read.1u.tlog
d:\c++project\c++study\qt_project\wechatwin\wechatwin\x64\debug\wechatwin.tlog\rcc.write.1u.tlog
d:\c++project\c++study\qt_project\wechatwin\wechatwin\x64\debug\wechatwin.tlog\uic.read.1u.tlog
d:\c++project\c++study\qt_project\wechatwin\wechatwin\x64\debug\wechatwin.tlog\uic.write.1u.tlog
d:\c++project\c++study\qt_project\wechatwin\wechatwin\x64\debug\wechatwin.tlog\wechatwin.write.1u.tlog
