d:\qt_projects\screenshottool\screenshottool\x64\debug\moc_colorwidget.obj
d:\qt_projects\screenshottool\screenshottool\x64\debug\qrc_mainwidget.obj
d:\qt_projects\screenshottool\screenshottool\x64\debug\moc_mainwidget.obj
d:\qt_projects\screenshottool\screenshottool\x64\debug\moc_screenwidget.obj
d:\qt_projects\screenshottool\screenshottool\x64\debug\vc143.pdb
d:\qt_projects\screenshottool\screenshottool\x64\debug\screenwidget.obj
d:\qt_projects\screenshottool\screenshottool\x64\debug\colorwidget.obj
d:\qt_projects\screenshottool\screenshottool\x64\debug\main.obj
d:\qt_projects\screenshottool\screenshottool\x64\debug\mainwidget.obj
d:\qt_projects\screenshottool\x64\debug\screenshottool.exe
d:\qt_projects\screenshottool\x64\debug\screenshottool.ilk
d:\qt_projects\screenshottool\x64\debug\screenshottool.pdb
d:\qt_projects\screenshottool\screenshottool\x64\debug\moc\moc_screenwidget.cpp
d:\qt_projects\screenshottool\screenshottool\x64\debug\moc\moc_colorwidget.cpp
d:\qt_projects\screenshottool\screenshottool\x64\debug\rcc\qrc_mainwidget.cpp
d:\qt_projects\screenshottool\screenshottool\x64\debug\uic\ui_colorwidget.h
d:\qt_projects\screenshottool\screenshottool\x64\debug\uic\ui_mainwidget.h
d:\qt_projects\screenshottool\screenshottool\x64\debug\moc\moc_mainwidget.cpp
d:\qt_projects\screenshottool\screenshottool\x64\debug\screenshottool.tlog\cl.command.1.tlog
d:\qt_projects\screenshottool\screenshottool\x64\debug\screenshottool.tlog\cl.read.1.tlog
d:\qt_projects\screenshottool\screenshottool\x64\debug\screenshottool.tlog\cl.write.1.tlog
d:\qt_projects\screenshottool\screenshottool\x64\debug\screenshottool.tlog\link.command.1.tlog
d:\qt_projects\screenshottool\screenshottool\x64\debug\screenshottool.tlog\link.read.1.tlog
d:\qt_projects\screenshottool\screenshottool\x64\debug\screenshottool.tlog\link.write.1.tlog
d:\qt_projects\screenshottool\screenshottool\x64\debug\screenshottool.tlog\moc.read.1u.tlog
d:\qt_projects\screenshottool\screenshottool\x64\debug\screenshottool.tlog\moc.write.1u.tlog
d:\qt_projects\screenshottool\screenshottool\x64\debug\screenshottool.tlog\rcc.read.1u.tlog
d:\qt_projects\screenshottool\screenshottool\x64\debug\screenshottool.tlog\rcc.write.1u.tlog
d:\qt_projects\screenshottool\screenshottool\x64\debug\screenshottool.tlog\screenshottool.write.1u.tlog
d:\qt_projects\screenshottool\screenshottool\x64\debug\screenshottool.tlog\uic.read.1u.tlog
d:\qt_projects\screenshottool\screenshottool\x64\debug\screenshottool.tlog\uic.write.1u.tlog
